<?xml version="1.0" encoding="UTF-8"?>
<!-- Generated by org.testng.reporters.JUnitReportReporter -->
<testsuite hostname="Monalisha-398-Dev-ThinkPad-E480" failures="0" tests="4" name="Tests.MidtransTC" time="20.126" errors="0" timestamp="01 Sep 2021 12:53:19 GMT" skipped="0">
  <testcase classname="Tests.MidtransTC" name="verifyUserShouldBeAbleToEnterDetailsTest" time="5.456"/>
  <testcase classname="Tests.MidtransTC" name="verifyOrderSummaryPopUp" time="4.175"/>
  <testcase classname="Tests.MidtransTC" name="verifyClickingOnContinueBtnRedirectsUserToPaymentPage" time="4.162"/>
  <testcase classname="Tests.MidtransTC" name="verifyPaymentSectionListTest" time="6.333"/>
</testsuite> <!-- Tests.MidtransTC -->
